ERROR - 2022-02-24 06:53:47 --> Error connecting to the database: No connection could be made because the target machine actively refused it.

CRITICAL - 2022-02-24 06:53:47 --> Unable to connect to the database.
Main connection [MySQLi]: No connection could be made because the target machine actively refused it.

#0 C:\xampp\htdocs\TC_Arena-main\system\Database\BaseConnection.php(577): CodeIgniter\Database\BaseConnection->initialize()
#1 C:\xampp\htdocs\TC_Arena-main\system\Database\BaseBuilder.php(1455): CodeIgniter\Database\BaseConnection->query('SELECT *\nFROM `...', Array, false)
#2 C:\xampp\htdocs\TC_Arena-main\system\Model.php(210): CodeIgniter\Database\BaseBuilder->get()
#3 C:\xampp\htdocs\TC_Arena-main\system\BaseModel.php(622): CodeIgniter\Model->doFirst()
#4 C:\xampp\htdocs\TC_Arena-main\app\Controllers\Login.php(18): CodeIgniter\BaseModel->first()
#5 C:\xampp\htdocs\TC_Arena-main\system\CodeIgniter.php(825): App\Controllers\Login->auth()
#6 C:\xampp\htdocs\TC_Arena-main\system\CodeIgniter.php(412): CodeIgniter\CodeIgniter->runController(Object(App\Controllers\Login))
#7 C:\xampp\htdocs\TC_Arena-main\system\CodeIgniter.php(320): CodeIgniter\CodeIgniter->handleRequest(NULL, Object(Config\Cache), false)
#8 C:\xampp\htdocs\TC_Arena-main\public\index.php(37): CodeIgniter\CodeIgniter->run()
#9 C:\xampp\htdocs\TC_Arena-main\system\Commands\Server\rewrite.php(43): require_once('C:\\xampp\\htdocs...')
#10 {main}
ERROR - 2022-02-24 06:53:51 --> Error connecting to the database: No connection could be made because the target machine actively refused it.

CRITICAL - 2022-02-24 06:53:51 --> Unable to connect to the database.
Main connection [MySQLi]: No connection could be made because the target machine actively refused it.

#0 C:\xampp\htdocs\TC_Arena-main\system\Database\BaseConnection.php(577): CodeIgniter\Database\BaseConnection->initialize()
#1 C:\xampp\htdocs\TC_Arena-main\system\Database\BaseBuilder.php(1455): CodeIgniter\Database\BaseConnection->query('SELECT *\nFROM `...', Array, false)
#2 C:\xampp\htdocs\TC_Arena-main\system\Model.php(210): CodeIgniter\Database\BaseBuilder->get()
#3 C:\xampp\htdocs\TC_Arena-main\system\BaseModel.php(622): CodeIgniter\Model->doFirst()
#4 C:\xampp\htdocs\TC_Arena-main\app\Controllers\Login.php(18): CodeIgniter\BaseModel->first()
#5 C:\xampp\htdocs\TC_Arena-main\system\CodeIgniter.php(825): App\Controllers\Login->auth()
#6 C:\xampp\htdocs\TC_Arena-main\system\CodeIgniter.php(412): CodeIgniter\CodeIgniter->runController(Object(App\Controllers\Login))
#7 C:\xampp\htdocs\TC_Arena-main\system\CodeIgniter.php(320): CodeIgniter\CodeIgniter->handleRequest(NULL, Object(Config\Cache), false)
#8 C:\xampp\htdocs\TC_Arena-main\public\index.php(37): CodeIgniter\CodeIgniter->run()
#9 C:\xampp\htdocs\TC_Arena-main\system\Commands\Server\rewrite.php(43): require_once('C:\\xampp\\htdocs...')
#10 {main}
ERROR - 2022-02-24 06:53:55 --> Error connecting to the database: No connection could be made because the target machine actively refused it.

CRITICAL - 2022-02-24 06:53:55 --> Unable to connect to the database.
Main connection [MySQLi]: No connection could be made because the target machine actively refused it.

#0 C:\xampp\htdocs\TC_Arena-main\system\Database\BaseConnection.php(577): CodeIgniter\Database\BaseConnection->initialize()
#1 C:\xampp\htdocs\TC_Arena-main\system\Database\BaseBuilder.php(1455): CodeIgniter\Database\BaseConnection->query('SELECT *\nFROM `...', Array, false)
#2 C:\xampp\htdocs\TC_Arena-main\system\Model.php(210): CodeIgniter\Database\BaseBuilder->get()
#3 C:\xampp\htdocs\TC_Arena-main\system\BaseModel.php(622): CodeIgniter\Model->doFirst()
#4 C:\xampp\htdocs\TC_Arena-main\app\Controllers\Login.php(18): CodeIgniter\BaseModel->first()
#5 C:\xampp\htdocs\TC_Arena-main\system\CodeIgniter.php(825): App\Controllers\Login->auth()
#6 C:\xampp\htdocs\TC_Arena-main\system\CodeIgniter.php(412): CodeIgniter\CodeIgniter->runController(Object(App\Controllers\Login))
#7 C:\xampp\htdocs\TC_Arena-main\system\CodeIgniter.php(320): CodeIgniter\CodeIgniter->handleRequest(NULL, Object(Config\Cache), false)
#8 C:\xampp\htdocs\TC_Arena-main\public\index.php(37): CodeIgniter\CodeIgniter->run()
#9 C:\xampp\htdocs\TC_Arena-main\system\Commands\Server\rewrite.php(43): require_once('C:\\xampp\\htdocs...')
#10 {main}
